2026-04-29 22:14:17,501 - AstroRectify - INFO - RAMC del radix -64.71032855528746
2026-04-29 22:14:17,501 - AstroRectify - INFO - 

--- rectificando para arco 12.93713634 Fallecimiento de hermano ----
2026-04-29 22:14:17,501 - AstroRectify - INFO - direct: -51.77319221528746
2026-04-29 22:14:17,502 - AstroRectify - INFO - converse: -77.64746489528746
2026-04-29 22:14:17,502 - AstroRectify - INFO - 

--- rectificando para arco 22.066533970000002 Graduacion ----
2026-04-29 22:14:17,503 - AstroRectify - INFO - direct: -42.64379458528746
2026-04-29 22:14:17,503 - AstroRectify - INFO - converse: -86.77686252528747
2026-04-29 22:14:17,503 - AstroRectify - INFO - 

--- rectificando para arco 26.055079550000002 Casamiento ----
2026-04-29 22:14:17,503 - AstroRectify - INFO - direct: -38.65524900528746
2026-04-29 22:14:17,504 - AstroRectify - INFO - converse: -90.76540810528746
2026-04-29 22:14:17,504 - AstroRectify - INFO - 

--- rectificando para arco 27.02118193 Nacimiento de hijo ----
2026-04-29 22:14:17,505 - AstroRectify - INFO - direct: -37.689146625287464
2026-04-29 22:14:17,505 - AstroRectify - INFO - converse: -91.73151048528746
2026-04-29 22:14:17,505 - AstroRectify - INFO - 

--- rectificando para arco 30.29459586 Nacimiento de hija ----
2026-04-29 22:14:17,505 - AstroRectify - INFO - direct: -34.41573269528746
2026-04-29 22:14:17,506 - AstroRectify - INFO - converse: -95.00492441528746
2026-04-29 22:14:17,506 - AstroRectify - INFO - 


resultados finales:
2026-04-29 22:14:17,506 - AstroRectify - INFO - --------------------------------
2026-04-29 22:35:27,378 - AstroRectify - INFO - RAMC del radix -64.71032855528746
2026-04-29 22:35:27,378 - AstroRectify - INFO - 

--- rectificando para arco 12.93713634 Fallecimiento de hermano ----
2026-04-29 22:35:27,378 - AstroRectify - INFO - direct: -51.77319221528746
2026-04-29 22:35:27,378 - AstroRectify - INFO - converse: -77.64746489528746
2026-04-29 22:35:27,381 - AstroRectify - INFO - 

--- rectificando para arco 22.066533970000002 Graduacion ----
2026-04-29 22:35:27,381 - AstroRectify - INFO - direct: -42.64379458528746
2026-04-29 22:35:27,381 - AstroRectify - INFO - converse: -86.77686252528747
2026-04-29 22:35:27,383 - AstroRectify - INFO - 

--- rectificando para arco 26.055079550000002 Casamiento ----
2026-04-29 22:35:27,383 - AstroRectify - INFO - direct: -38.65524900528746
2026-04-29 22:35:27,384 - AstroRectify - INFO - converse: -90.76540810528746
2026-04-29 22:35:27,386 - AstroRectify - INFO - 

--- rectificando para arco 27.02118193 Nacimiento de hijo ----
2026-04-29 22:35:27,386 - AstroRectify - INFO - direct: -37.689146625287464
2026-04-29 22:35:27,386 - AstroRectify - INFO - converse: -91.73151048528746
2026-04-29 22:35:27,388 - AstroRectify - INFO - 

--- rectificando para arco 30.29459586 Nacimiento de hija ----
2026-04-29 22:35:27,388 - AstroRectify - INFO - direct: -34.41573269528746
2026-04-29 22:35:27,389 - AstroRectify - INFO - converse: -95.00492441528746
2026-04-29 22:35:27,391 - AstroRectify - INFO - 


resultados finales:
2026-04-29 22:35:27,391 - AstroRectify - INFO - --------------------------------
2026-04-29 22:35:56,394 - AstroRectify - INFO - RAMC del radix -64.71032855528746
2026-04-29 22:35:56,394 - AstroRectify - INFO - 

--- rectificando para arco 12.93713634 Fallecimiento de hermano ----
2026-04-29 22:35:56,394 - AstroRectify - INFO - direct: -51.77319221528746
2026-04-29 22:35:56,394 - AstroRectify - INFO - converse: -77.64746489528746
2026-04-29 22:35:56,395 - AstroRectify - INFO - 

--- rectificando para arco 22.066533970000002 Graduacion ----
2026-04-29 22:35:56,395 - AstroRectify - INFO - direct: -42.64379458528746
2026-04-29 22:35:56,395 - AstroRectify - INFO - converse: -86.77686252528747
2026-04-29 22:35:56,396 - AstroRectify - INFO - 

--- rectificando para arco 26.055079550000002 Casamiento ----
2026-04-29 22:35:56,396 - AstroRectify - INFO - direct: -38.65524900528746
2026-04-29 22:35:56,396 - AstroRectify - INFO - converse: -90.76540810528746
2026-04-29 22:35:56,396 - AstroRectify - INFO - 

--- rectificando para arco 27.02118193 Nacimiento de hijo ----
2026-04-29 22:35:56,397 - AstroRectify - INFO - direct: -37.689146625287464
2026-04-29 22:35:56,397 - AstroRectify - INFO - converse: -91.73151048528746
2026-04-29 22:35:56,397 - AstroRectify - INFO - 

--- rectificando para arco 30.29459586 Nacimiento de hija ----
2026-04-29 22:35:56,397 - AstroRectify - INFO - direct: -34.41573269528746
2026-04-29 22:35:56,397 - AstroRectify - INFO - converse: -95.00492441528746
2026-04-29 22:35:56,398 - AstroRectify - INFO - 


resultados finales:
2026-04-29 22:35:56,398 - AstroRectify - INFO - --------------------------------
2026-04-29 22:37:05,884 - AstroRectify - INFO - RAMC del radix 115.28967144471254
2026-04-29 22:37:05,885 - AstroRectify - INFO - 

--- rectificando para arco 12.93713634 Fallecimiento de hermano ----
2026-04-29 22:37:05,885 - AstroRectify - INFO - direct: 128.22680778471255
2026-04-29 22:37:05,885 - AstroRectify - INFO - converse: 102.35253510471254
2026-04-29 22:37:05,885 - AstroRectify - INFO - 

--- rectificando para arco 22.066533970000002 Graduacion ----
2026-04-29 22:37:05,885 - AstroRectify - INFO - direct: 137.35620541471255
2026-04-29 22:37:05,886 - AstroRectify - INFO - converse: 93.22313747471253
2026-04-29 22:37:05,886 - AstroRectify - INFO - 

--- rectificando para arco 26.055079550000002 Casamiento ----
2026-04-29 22:37:05,886 - AstroRectify - INFO - direct: 141.34475099471254
2026-04-29 22:37:05,886 - AstroRectify - INFO - converse: 89.23459189471254
2026-04-29 22:37:05,887 - AstroRectify - INFO - 

--- rectificando para arco 27.02118193 Nacimiento de hijo ----
2026-04-29 22:37:05,887 - AstroRectify - INFO - direct: 142.31085337471254
2026-04-29 22:37:05,887 - AstroRectify - INFO - converse: 88.26848951471254
2026-04-29 22:37:05,887 - AstroRectify - INFO - 

--- rectificando para arco 30.29459586 Nacimiento de hija ----
2026-04-29 22:37:05,888 - AstroRectify - INFO - direct: 145.58426730471254
2026-04-29 22:37:05,888 - AstroRectify - INFO - converse: 84.99507558471254
2026-04-29 22:37:05,888 - AstroRectify - INFO - 


resultados finales:
2026-04-29 22:37:05,888 - AstroRectify - INFO - --------------------------------
2026-04-29 22:39:07,426 - AstroRectify - INFO - RAMC del radix 205.28967144471255
2026-04-29 22:39:07,426 - AstroRectify - INFO - 

--- rectificando para arco 12.93713634 Fallecimiento de hermano ----
2026-04-29 22:39:07,426 - AstroRectify - INFO - direct: 218.22680778471255
2026-04-29 22:39:07,426 - AstroRectify - INFO - converse: 192.35253510471256
2026-04-29 22:39:07,427 - AstroRectify - INFO - MC ecliptica 193.42493957486556
2026-04-29 22:39:07,427 - AstroRectify - INFO - moon 163.12333333333333 🎯 aspect 30 semisextil orbe -0.3016062415322267
2026-04-29 22:39:07,427 - AstroRectify - INFO - --> RA conversa ajustada: 192.07349029284356
2026-04-29 22:39:07,427 - AstroRectify - INFO - --> MC radix ajustado: 205.01062663284355 🆗
2026-04-29 22:39:07,428 - AstroRectify - INFO - MC ecliptica 193.42493957486556
2026-04-29 22:39:07,428 - AstroRectify - INFO - neptune 192.71583333333334 🎯 aspect 0 conjucion orbe 0.7091062415322256
2026-04-29 22:39:07,428 - AstroRectify - INFO - --> RA conversa ajustada: 193.0088730642826
2026-04-29 22:39:07,428 - AstroRectify - INFO - --> MC radix ajustado: 205.9460094042826 🆗
2026-04-29 22:39:07,428 - AstroRectify - INFO - 

--- rectificando para arco 22.066533970000002 Graduacion ----
2026-04-29 22:39:07,429 - AstroRectify - INFO - direct: 227.35620541471255
2026-04-29 22:39:07,429 - AstroRectify - INFO - converse: 183.22313747471256
2026-04-29 22:39:07,429 - AstroRectify - INFO - MC ecliptica 183.5123479836277
2026-04-29 22:39:07,429 - AstroRectify - INFO - mars 93.62416666666665 🎯 aspect 90 cuadratura orbe 0.1118186830389476
2026-04-29 22:39:07,429 - AstroRectify - INFO - --> RA conversa ajustada: 183.32579148500528
2026-04-29 22:39:07,430 - AstroRectify - INFO - --> MC radix ajustado: 205.39232545500528 🆗
2026-04-29 22:39:07,430 - AstroRectify - INFO - MC ecliptica 183.5123479836277
2026-04-29 22:39:07,430 - AstroRectify - INFO - uranus 92.81333333333333 🎯 aspect 90 cuadratura orbe -0.699014650294373
2026-04-29 22:39:07,430 - AstroRectify - INFO - --> RA conversa ajustada: 182.58124223087435
2026-04-29 22:39:07,431 - AstroRectify - INFO - --> MC radix ajustado: 204.64777620087435 🆗
2026-04-29 22:39:07,431 - AstroRectify - INFO - 

--- rectificando para arco 26.055079550000002 Casamiento ----
2026-04-29 22:39:07,431 - AstroRectify - INFO - direct: 231.34475099471257
2026-04-29 22:39:07,431 - AstroRectify - INFO - converse: 179.23459189471254
2026-04-29 22:39:07,432 - AstroRectify - INFO - 

--- rectificando para arco 27.02118193 Nacimiento de hijo ----
2026-04-29 22:39:07,432 - AstroRectify - INFO - direct: 232.31085337471256
2026-04-29 22:39:07,432 - AstroRectify - INFO - converse: 178.26848951471254
2026-04-29 22:39:07,433 - AstroRectify - INFO - MC ecliptica 234.66986663271257
2026-04-29 22:39:07,433 - AstroRectify - INFO - moon 163.12333333333333 🎯 aspect 72 quintil orbe 0.45346670062076555
2026-04-29 22:39:07,433 - AstroRectify - INFO - MC RA directo ajustada 232.77618114145724
2026-04-29 22:39:07,433 - AstroRectify - INFO - --> RA directa ajustada: 205.75499921145723 🆗
2026-04-29 22:39:07,434 - AstroRectify - INFO - 

--- rectificando para arco 30.29459586 Nacimiento de hija ----
2026-04-29 22:39:07,434 - AstroRectify - INFO - direct: 235.58426730471257
2026-04-29 22:39:07,434 - AstroRectify - INFO - converse: 174.99507558471254
2026-04-29 22:39:07,434 - AstroRectify - INFO - MC ecliptica 237.84736029150108
2026-04-29 22:39:07,435 - AstroRectify - INFO - mars 93.62416666666665 🎯 aspect 144 biquintil orbe -0.22319362483443683
2026-04-29 22:39:07,435 - AstroRectify - INFO - MC RA directo ajustada 235.3530801815553
2026-04-29 22:39:07,435 - AstroRectify - INFO - --> RA directa ajustada: 205.05848432155528 🆗
2026-04-29 22:39:07,435 - AstroRectify - INFO - MC ecliptica 237.84736029150108
2026-04-29 22:39:07,435 - AstroRectify - INFO - neptune 192.71583333333334 🎯 aspect 45 semicuadratural orbe -0.13152695816773985
2026-04-29 22:39:07,436 - AstroRectify - INFO - MC RA directo ajustada 235.44818157286255
2026-04-29 22:39:07,436 - AstroRectify - INFO - --> RA directa ajustada: 205.15358571286254 🆗
2026-04-29 22:39:07,436 - AstroRectify - INFO - 


resultados finales:
2026-04-29 22:39:07,436 - AstroRectify - INFO - --------------------------------
2026-04-29 22:39:07,436 - AstroRectify - INFO - MC radix ajustado: 205.01062663284355
2026-04-29 22:39:07,436 - AstroRectify - INFO - MC radix ajustado: 205.9460094042826
2026-04-29 22:39:07,436 - AstroRectify - INFO - MC radix ajustado: 205.39232545500528
2026-04-29 22:39:07,437 - AstroRectify - INFO - MC radix ajustado: 204.64777620087435
2026-04-29 22:39:07,437 - AstroRectify - INFO - MC radix ajustado: 205.75499921145723
2026-04-29 22:39:07,437 - AstroRectify - INFO - MC radix ajustado: 205.05848432155528
2026-04-29 22:39:07,437 - AstroRectify - INFO - MC radix ajustado: 205.15358571286254
2026-04-29 22:39:07,437 - AstroRectify - INFO - --------------------------
2026-04-29 22:39:07,437 - AstroRectify - INFO - nueva ARMC 205.28054384841153
2026-04-29 22:39:07,437 - AstroRectify - INFO - ARMC radical original 205.28967144471255
2026-04-29 22:39:07,437 - AstroRectify - INFO - nueva longitud ecliptica 207.23769268214423
2026-04-29 22:39:07,437 - AstroRectify - INFO - nueva hora local -5 22 47
2026-04-29 22:42:59,382 - AstroRectify - INFO - RAMC del radix 115.28967144471254
2026-04-29 22:42:59,382 - AstroRectify - INFO - 

--- rectificando para arco 12.93713634 Fallecimiento de hermano ----
2026-04-29 22:42:59,382 - AstroRectify - INFO - direct: 128.22680778471255
2026-04-29 22:42:59,382 - AstroRectify - INFO - converse: 102.35253510471254
2026-04-29 22:42:59,383 - AstroRectify - INFO - 

--- rectificando para arco 22.066533970000002 Graduacion ----
2026-04-29 22:42:59,383 - AstroRectify - INFO - direct: 137.35620541471255
2026-04-29 22:42:59,383 - AstroRectify - INFO - converse: 93.22313747471253
2026-04-29 22:42:59,384 - AstroRectify - INFO - 

--- rectificando para arco 26.055079550000002 Casamiento ----
2026-04-29 22:42:59,384 - AstroRectify - INFO - direct: 141.34475099471254
2026-04-29 22:42:59,384 - AstroRectify - INFO - converse: 89.23459189471254
2026-04-29 22:42:59,385 - AstroRectify - INFO - 

--- rectificando para arco 27.02118193 Nacimiento de hijo ----
2026-04-29 22:42:59,385 - AstroRectify - INFO - direct: 142.31085337471254
2026-04-29 22:42:59,385 - AstroRectify - INFO - converse: 88.26848951471254
2026-04-29 22:42:59,385 - AstroRectify - INFO - 

--- rectificando para arco 30.29459586 Nacimiento de hija ----
2026-04-29 22:42:59,385 - AstroRectify - INFO - direct: 145.58426730471254
2026-04-29 22:42:59,386 - AstroRectify - INFO - converse: 84.99507558471254
2026-04-29 22:42:59,386 - AstroRectify - INFO - 


resultados finales:
2026-04-29 22:42:59,386 - AstroRectify - INFO - --------------------------------
2026-04-30 12:59:20,543 - AstroRectify - INFO - RAMC del radix 115.28967144471254
2026-04-30 12:59:20,545 - AstroRectify - INFO - 

--- rectificando para arco 12.93713634 Fallecimiento de hermano ----
2026-04-30 12:59:20,545 - AstroRectify - INFO - direct: 128.22680778471255
2026-04-30 12:59:20,545 - AstroRectify - INFO - converse: 102.35253510471254
2026-04-30 12:59:20,546 - AstroRectify - INFO - 

--- rectificando para arco 22.066533970000002 Graduacion ----
2026-04-30 12:59:20,546 - AstroRectify - INFO - direct: 137.35620541471255
2026-04-30 12:59:20,546 - AstroRectify - INFO - converse: 93.22313747471253
2026-04-30 12:59:20,546 - AstroRectify - INFO - 

--- rectificando para arco 26.055079550000002 Casamiento ----
2026-04-30 12:59:20,546 - AstroRectify - INFO - direct: 141.34475099471254
2026-04-30 12:59:20,546 - AstroRectify - INFO - converse: 89.23459189471254
2026-04-30 12:59:20,547 - AstroRectify - INFO - 

--- rectificando para arco 27.02118193 Nacimiento de hijo ----
2026-04-30 12:59:20,547 - AstroRectify - INFO - direct: 142.31085337471254
2026-04-30 12:59:20,547 - AstroRectify - INFO - converse: 88.26848951471254
2026-04-30 12:59:20,547 - AstroRectify - INFO - 

--- rectificando para arco 30.29459586 Nacimiento de hija ----
2026-04-30 12:59:20,547 - AstroRectify - INFO - direct: 145.58426730471254
2026-04-30 12:59:20,547 - AstroRectify - INFO - converse: 84.99507558471254
2026-04-30 12:59:20,547 - AstroRectify - INFO - 


resultados finales:
2026-04-30 12:59:20,548 - AstroRectify - INFO - --------------------------------
2026-04-30 13:06:55,459 - AstroRectify - INFO - RAMC del radix 115.28967144471254
2026-04-30 13:06:55,459 - AstroRectify - INFO - 

--- rectificando para arco 12.93713634 Fallecimiento de hermano ----
2026-04-30 13:06:55,459 - AstroRectify - INFO - direct RA: 128.22680778471255
2026-04-30 13:06:55,459 - AstroRectify - INFO - converse RA: 102.35253510471254
2026-04-30 13:06:55,459 - AstroRectify - INFO - direct Ecliptic longitude: -54.145163237738444
2026-04-30 13:06:55,459 - AstroRectify - INFO - converse Ecliptic longitude: -78.63918357865327
2026-04-30 13:06:55,460 - AstroRectify - INFO - 

--- rectificando para arco 22.066533970000002 Graduacion ----
2026-04-30 13:06:55,460 - AstroRectify - INFO - direct RA: 137.35620541471255
2026-04-30 13:06:55,460 - AstroRectify - INFO - converse RA: 93.22313747471253
2026-04-30 13:06:55,460 - AstroRectify - INFO - direct Ecliptic longitude: -45.10850776689483
2026-04-30 13:06:55,460 - AstroRectify - INFO - converse Ecliptic longitude: -87.04235161657898
2026-04-30 13:06:55,460 - AstroRectify - INFO - 

--- rectificando para arco 26.055079550000002 Casamiento ----
2026-04-30 13:06:55,460 - AstroRectify - INFO - direct RA: 141.34475099471254
2026-04-30 13:06:55,460 - AstroRectify - INFO - converse RA: 89.23459189471254
2026-04-30 13:06:55,460 - AstroRectify - INFO - direct Ecliptic longitude: -41.08237706843919
2026-04-30 13:06:55,461 - AstroRectify - INFO - converse Ecliptic longitude: 89.29774895018572
2026-04-30 13:06:55,461 - AstroRectify - INFO - 

--- rectificando para arco 27.02118193 Nacimiento de hijo ----
2026-04-30 13:06:55,461 - AstroRectify - INFO - direct RA: 142.31085337471254
2026-04-30 13:06:55,461 - AstroRectify - INFO - converse RA: 88.26848951471254
2026-04-30 13:06:55,461 - AstroRectify - INFO - direct Ecliptic longitude: -40.09991967606315
2026-04-30 13:06:55,461 - AstroRectify - INFO - converse Ecliptic longitude: 88.41130219259402
2026-04-30 13:06:55,461 - AstroRectify - INFO - 

--- rectificando para arco 30.29459586 Nacimiento de hija ----
2026-04-30 13:06:55,461 - AstroRectify - INFO - direct RA: 145.58426730471254
2026-04-30 13:06:55,461 - AstroRectify - INFO - converse RA: 84.99507558471254
2026-04-30 13:06:55,462 - AstroRectify - INFO - direct Ecliptic longitude: -36.75020100440924
2026-04-30 13:06:55,462 - AstroRectify - INFO - converse Ecliptic longitude: 85.40624964083555
2026-04-30 13:06:55,462 - AstroRectify - INFO - 


resultados finales:
2026-04-30 13:06:55,462 - AstroRectify - INFO - --------------------------------
2026-04-30 13:35:36,763 - AstroRectify - INFO - RAMC del radix 115.28967144471254
2026-04-30 13:35:36,764 - AstroRectify - INFO - 

--- rectificando para arco 12.93713634 Fallecimiento de hermano ----
2026-04-30 13:35:36,764 - AstroRectify - INFO - direct RA: 128.22680778471255
2026-04-30 13:35:36,764 - AstroRectify - INFO - converse RA: 102.35253510471254
2026-04-30 13:35:36,764 - AstroRectify - INFO - direct Ecliptic longitude: 54.145163237738444
2026-04-30 13:35:36,764 - AstroRectify - INFO - converse Ecliptic longitude: 78.63918357865327
2026-04-30 13:35:36,765 - AstroRectify - INFO - 

--- rectificando para arco 22.066533970000002 Graduacion ----
2026-04-30 13:35:36,765 - AstroRectify - INFO - direct RA: 137.35620541471255
2026-04-30 13:35:36,765 - AstroRectify - INFO - converse RA: 93.22313747471253
2026-04-30 13:35:36,765 - AstroRectify - INFO - direct Ecliptic longitude: 45.10850776689483
2026-04-30 13:35:36,765 - AstroRectify - INFO - converse Ecliptic longitude: 87.04235161657898
2026-04-30 13:35:36,765 - AstroRectify - INFO - 

--- rectificando para arco 26.055079550000002 Casamiento ----
2026-04-30 13:35:36,766 - AstroRectify - INFO - direct RA: 141.34475099471254
2026-04-30 13:35:36,766 - AstroRectify - INFO - converse RA: 89.23459189471254
2026-04-30 13:35:36,766 - AstroRectify - INFO - direct Ecliptic longitude: 41.08237706843919
2026-04-30 13:35:36,766 - AstroRectify - INFO - converse Ecliptic longitude: 89.29774895018572
2026-04-30 13:35:36,766 - AstroRectify - INFO - 

--- rectificando para arco 27.02118193 Nacimiento de hijo ----
2026-04-30 13:35:36,766 - AstroRectify - INFO - direct RA: 142.31085337471254
2026-04-30 13:35:36,766 - AstroRectify - INFO - converse RA: 88.26848951471254
2026-04-30 13:35:36,766 - AstroRectify - INFO - direct Ecliptic longitude: 40.09991967606315
2026-04-30 13:35:36,766 - AstroRectify - INFO - converse Ecliptic longitude: 88.41130219259402
2026-04-30 13:35:36,767 - AstroRectify - INFO - 

--- rectificando para arco 30.29459586 Nacimiento de hija ----
2026-04-30 13:35:36,767 - AstroRectify - INFO - direct RA: 145.58426730471254
2026-04-30 13:35:36,767 - AstroRectify - INFO - converse RA: 84.99507558471254
2026-04-30 13:35:36,767 - AstroRectify - INFO - direct Ecliptic longitude: 36.75020100440924
2026-04-30 13:35:36,767 - AstroRectify - INFO - converse Ecliptic longitude: 85.40624964083555
2026-04-30 13:35:36,767 - AstroRectify - INFO - 


resultados finales:
2026-04-30 13:35:36,767 - AstroRectify - INFO - --------------------------------
2026-04-30 13:41:09,366 - AstroRectify - INFO - RAMC del radix 115.28967144471254
2026-04-30 13:41:09,367 - AstroRectify - INFO - 

--- rectificando para arco 12.93713634 Fallecimiento de hermano ----
2026-04-30 13:41:09,367 - AstroRectify - INFO - direct RA: 128.22680778471255
2026-04-30 13:41:09,367 - AstroRectify - INFO - converse RA: 102.35253510471254
2026-04-30 13:41:09,367 - AstroRectify - INFO - direct Ecliptic longitude: 35.854836762261556
2026-04-30 13:41:09,367 - AstroRectify - INFO - converse Ecliptic longitude: 11.360816421346726
2026-04-30 13:41:09,368 - AstroRectify - INFO - 

--- rectificando para arco 22.066533970000002 Graduacion ----
2026-04-30 13:41:09,368 - AstroRectify - INFO - direct RA: 137.35620541471255
2026-04-30 13:41:09,368 - AstroRectify - INFO - converse RA: 93.22313747471253
2026-04-30 13:41:09,368 - AstroRectify - INFO - direct Ecliptic longitude: 44.89149223310517
2026-04-30 13:41:09,368 - AstroRectify - INFO - converse Ecliptic longitude: 2.9576483834210165
2026-04-30 13:41:09,368 - AstroRectify - INFO - 

--- rectificando para arco 26.055079550000002 Casamiento ----
2026-04-30 13:41:09,368 - AstroRectify - INFO - direct RA: 141.34475099471254
2026-04-30 13:41:09,369 - AstroRectify - INFO - converse RA: 89.23459189471254
2026-04-30 13:41:09,369 - AstroRectify - INFO - direct Ecliptic longitude: 48.91762293156081
2026-04-30 13:41:09,369 - AstroRectify - INFO - converse Ecliptic longitude: 89.29774895018572
2026-04-30 13:41:09,369 - AstroRectify - INFO - 

--- rectificando para arco 27.02118193 Nacimiento de hijo ----
2026-04-30 13:41:09,369 - AstroRectify - INFO - direct RA: 142.31085337471254
2026-04-30 13:41:09,369 - AstroRectify - INFO - converse RA: 88.26848951471254
2026-04-30 13:41:09,369 - AstroRectify - INFO - direct Ecliptic longitude: 49.90008032393685
2026-04-30 13:41:09,370 - AstroRectify - INFO - converse Ecliptic longitude: 88.41130219259402
2026-04-30 13:41:09,370 - AstroRectify - INFO - MC ecliptica 49.90008032393685
2026-04-30 13:41:09,370 - AstroRectify - INFO - mean_node 20.391944444444444 🎯 aspect 30 semisextil orbe 0.4918641205075964
2026-04-30 13:41:09,370 - AstroRectify - INFO - MC RA directo ajustada 47.951454418797326
2026-04-30 13:41:09,370 - AstroRectify - INFO - --> RA directa ajustada: 20.930272488797325 🆗
2026-04-30 13:41:09,370 - AstroRectify - INFO - 

--- rectificando para arco 30.29459586 Nacimiento de hija ----
2026-04-30 13:41:09,370 - AstroRectify - INFO - direct RA: 145.58426730471254
2026-04-30 13:41:09,370 - AstroRectify - INFO - converse RA: 84.99507558471254
2026-04-30 13:41:09,371 - AstroRectify - INFO - direct Ecliptic longitude: 53.24979899559076
2026-04-30 13:41:09,371 - AstroRectify - INFO - converse Ecliptic longitude: 85.40624964083555
2026-04-30 13:41:09,371 - AstroRectify - INFO - 


resultados finales:
2026-04-30 13:41:09,371 - AstroRectify - INFO - --------------------------------
2026-04-30 13:41:09,371 - AstroRectify - INFO - MC radix ajustado: 20.930272488797325
2026-04-30 13:41:09,371 - AstroRectify - INFO - --------------------------
2026-04-30 13:41:09,371 - AstroRectify - INFO - nueva ARMC 20.930272488797325
2026-04-30 13:41:09,371 - AstroRectify - INFO - ARMC radical original 115.28967144471254
2026-04-30 13:41:09,371 - AstroRectify - INFO - nueva longitud ecliptica 22.629774643232178
2026-04-30 13:41:09,371 - AstroRectify - INFO - nueva hora local -17 7 24
2026-04-30 14:03:14,861 - AstroRectify - INFO - RAMC del radix 115.28967144471254
2026-04-30 14:03:14,861 - AstroRectify - INFO - 

--- rectificando para arco 12.93713634 Fallecimiento de hermano ----
2026-04-30 14:03:14,862 - AstroRectify - INFO - direct RA: 128.22680778471255
2026-04-30 14:03:14,862 - AstroRectify - INFO - converse RA: 102.35253510471254
2026-04-30 14:03:14,862 - AstroRectify - INFO - direct Ecliptic longitude: 35.854836762261556
2026-04-30 14:03:14,862 - AstroRectify - INFO - converse Ecliptic longitude: 11.360816421346726
2026-04-30 14:03:14,862 - AstroRectify - INFO - 

--- rectificando para arco 22.066533970000002 Graduacion ----
2026-04-30 14:03:14,862 - AstroRectify - INFO - direct RA: 137.35620541471255
2026-04-30 14:03:14,862 - AstroRectify - INFO - converse RA: 93.22313747471253
2026-04-30 14:03:14,862 - AstroRectify - INFO - direct Ecliptic longitude: 44.89149223310517
2026-04-30 14:03:14,862 - AstroRectify - INFO - converse Ecliptic longitude: 2.9576483834210165
2026-04-30 14:03:14,863 - AstroRectify - INFO - 

--- rectificando para arco 26.055079550000002 Casamiento ----
2026-04-30 14:03:14,863 - AstroRectify - INFO - direct RA: 141.34475099471254
2026-04-30 14:03:14,863 - AstroRectify - INFO - converse RA: 89.23459189471254
2026-04-30 14:03:14,863 - AstroRectify - INFO - direct Ecliptic longitude: 48.91762293156081
2026-04-30 14:03:14,863 - AstroRectify - INFO - converse Ecliptic longitude: 89.29774895018572
2026-04-30 14:03:14,863 - AstroRectify - INFO - 

--- rectificando para arco 27.02118193 Nacimiento de hijo ----
2026-04-30 14:03:14,863 - AstroRectify - INFO - direct RA: 142.31085337471254
2026-04-30 14:03:14,863 - AstroRectify - INFO - converse RA: 88.26848951471254
2026-04-30 14:03:14,863 - AstroRectify - INFO - direct Ecliptic longitude: 49.90008032393685
2026-04-30 14:03:14,864 - AstroRectify - INFO - converse Ecliptic longitude: 88.41130219259402
2026-04-30 14:03:14,864 - AstroRectify - INFO - MC ecliptica 49.90008032393685
2026-04-30 14:03:14,864 - AstroRectify - INFO - mean_node 20.391944444444444 🎯 aspect 30 semisextil orbe 0.4918641205075964
2026-04-30 14:03:14,864 - AstroRectify - INFO - MC RA directo ajustada 47.951454418797326
2026-04-30 14:03:14,864 - AstroRectify - INFO - --> RA directa ajustada: 20.930272488797325 🆗
2026-04-30 14:03:14,864 - AstroRectify - INFO - 

--- rectificando para arco 30.29459586 Nacimiento de hija ----
2026-04-30 14:03:14,864 - AstroRectify - INFO - direct RA: 145.58426730471254
2026-04-30 14:03:14,864 - AstroRectify - INFO - converse RA: 84.99507558471254
2026-04-30 14:03:14,865 - AstroRectify - INFO - direct Ecliptic longitude: 53.24979899559076
2026-04-30 14:03:14,865 - AstroRectify - INFO - converse Ecliptic longitude: 85.40624964083555
2026-04-30 14:03:14,865 - AstroRectify - INFO - 


resultados finales:
2026-04-30 14:03:14,865 - AstroRectify - INFO - --------------------------------
2026-04-30 14:03:14,865 - AstroRectify - INFO - MC radix ajustado: 20.930272488797325
2026-04-30 14:03:14,865 - AstroRectify - INFO - --------------------------
2026-04-30 14:03:14,865 - AstroRectify - INFO - nueva ARMC 20.930272488797325
2026-04-30 14:03:14,865 - AstroRectify - INFO - ARMC radical original 115.28967144471254
2026-04-30 14:03:14,865 - AstroRectify - INFO - nueva longitud ecliptica 22.629774643232178
2026-04-30 14:03:14,865 - AstroRectify - INFO - nueva hora local -17 7 24
2026-04-30 17:01:39,496 - AstroRectify - INFO - RAMC del radix 115.28967144471254
2026-04-30 17:01:39,497 - AstroRectify - INFO - 

--- rectificando para arco 12.93713634 Fallecimiento de hermano ----
2026-04-30 17:01:39,497 - AstroRectify - INFO - direct RA: 128.22680778471255
2026-04-30 17:01:39,497 - AstroRectify - INFO - converse RA: 102.35253510471254
2026-04-30 17:01:39,497 - AstroRectify - INFO - direct Ecliptic longitude: 125.85483676226156
2026-04-30 17:01:39,497 - AstroRectify - INFO - converse Ecliptic longitude: 101.36081642134673
2026-04-30 17:01:39,497 - AstroRectify - INFO - MC ecliptica 125.85483676226156
2026-04-30 17:01:39,497 - AstroRectify - INFO - sun 125.19277777777778 🎯 aspect 0 conjucion orbe 0.6620589844837781
2026-04-30 17:01:39,497 - AstroRectify - INFO - MC RA directo ajustada 128.90408896026645
2026-04-30 17:01:39,498 - AstroRectify - INFO - --> RA directa ajustada: 115.96695262026645 🆗
2026-04-30 17:01:39,498 - AstroRectify - INFO - 

--- rectificando para arco 22.066533970000002 Graduacion ----
2026-04-30 17:01:39,498 - AstroRectify - INFO - direct RA: 137.35620541471255
2026-04-30 17:01:39,498 - AstroRectify - INFO - converse RA: 93.22313747471253
2026-04-30 17:01:39,498 - AstroRectify - INFO - direct Ecliptic longitude: 134.89149223310517
2026-04-30 17:01:39,498 - AstroRectify - INFO - converse Ecliptic longitude: 92.95764838342102
2026-04-30 17:01:39,498 - AstroRectify - INFO - MC ecliptica 92.95764838342102
2026-04-30 17:01:39,499 - AstroRectify - INFO - mars 93.62416666666665 🎯 aspect 0 conjucion orbe -0.6665182832456367
2026-04-30 17:01:39,499 - AstroRectify - INFO - --> RA conversa ajustada: 92.49693596727778
2026-04-30 17:01:39,499 - AstroRectify - INFO - --> MC radix ajustado: 114.56346993727777 🆗
2026-04-30 17:01:39,499 - AstroRectify - INFO - MC ecliptica 92.95764838342102
2026-04-30 17:01:39,499 - AstroRectify - INFO - uranus 92.81333333333333 🎯 aspect 0 conjucion orbe 0.14431505008768397
2026-04-30 17:01:39,499 - AstroRectify - INFO - --> RA conversa ajustada: 93.38032973798869
2026-04-30 17:01:39,499 - AstroRectify - INFO - --> MC radix ajustado: 115.44686370798868 🆗
2026-04-30 17:01:39,500 - AstroRectify - INFO - MC ecliptica 134.89149223310517
2026-04-30 17:01:39,500 - AstroRectify - INFO - pluto 135.83527777777778 🎯 aspect 0 conjucion orbe -0.9437855446726076
2026-04-30 17:01:39,500 - AstroRectify - INFO - MC RA directo ajustada 136.4143406165711
2026-04-30 17:01:39,500 - AstroRectify - INFO - --> RA directa ajustada: 114.34780664657112 🆗
2026-04-30 17:01:39,500 - AstroRectify - INFO - MC ecliptica 92.95764838342102
2026-04-30 17:01:39,500 - AstroRectify - INFO - mean_node 20.391944444444444 🎯 aspect 72 quintil orbe -0.5657039389765686
2026-04-30 17:01:39,500 - AstroRectify - INFO - --> RA conversa ajustada: 92.60680431651076
2026-04-30 17:01:39,500 - AstroRectify - INFO - --> MC radix ajustado: 114.67333828651076 🆗
2026-04-30 17:01:39,501 - AstroRectify - INFO - 

--- rectificando para arco 26.055079550000002 Casamiento ----
2026-04-30 17:01:39,501 - AstroRectify - INFO - direct RA: 141.34475099471254
2026-04-30 17:01:39,501 - AstroRectify - INFO - converse RA: 89.23459189471254
2026-04-30 17:01:39,501 - AstroRectify - INFO - direct Ecliptic longitude: 138.9176229315608
2026-04-30 17:01:39,501 - AstroRectify - INFO - converse Ecliptic longitude: 89.29774895018572
2026-04-30 17:01:39,501 - AstroRectify - INFO - MC ecliptica 138.9176229315608
2026-04-30 17:01:39,501 - AstroRectify - INFO - mars 93.62416666666665 🎯 aspect 45 semicuadratural orbe -0.29345626489414656
2026-04-30 17:01:39,501 - AstroRectify - INFO - MC RA directo ajustada 141.05563987691104
2026-04-30 17:01:39,501 - AstroRectify - INFO - --> RA directa ajustada: 115.00056032691104 🆗
2026-04-30 17:01:39,502 - AstroRectify - INFO - 

--- rectificando para arco 27.02118193 Nacimiento de hijo ----
2026-04-30 17:01:39,502 - AstroRectify - INFO - direct RA: 142.31085337471254
2026-04-30 17:01:39,502 - AstroRectify - INFO - converse RA: 88.26848951471254
2026-04-30 17:01:39,502 - AstroRectify - INFO - direct Ecliptic longitude: 139.90008032393683
2026-04-30 17:01:39,502 - AstroRectify - INFO - converse Ecliptic longitude: 88.41130219259402
2026-04-30 17:01:39,502 - AstroRectify - INFO - MC ecliptica 139.90008032393683
2026-04-30 17:01:39,502 - AstroRectify - INFO - mean_node 20.391944444444444 🎯 aspect 120 trigono orbe 0.4918641205076142
2026-04-30 17:01:39,502 - AstroRectify - INFO - MC RA directo ajustada 142.79349045968283
2026-04-30 17:01:39,503 - AstroRectify - INFO - --> RA directa ajustada: 115.77230852968283 🆗
2026-04-30 17:01:39,503 - AstroRectify - INFO - 

--- rectificando para arco 30.29459586 Nacimiento de hija ----
2026-04-30 17:01:39,503 - AstroRectify - INFO - direct RA: 145.58426730471254
2026-04-30 17:01:39,503 - AstroRectify - INFO - converse RA: 84.99507558471254
2026-04-30 17:01:39,503 - AstroRectify - INFO - direct Ecliptic longitude: 143.24979899559077
2026-04-30 17:01:39,503 - AstroRectify - INFO - converse Ecliptic longitude: 85.40624964083555
2026-04-30 17:01:39,503 - AstroRectify - INFO - 


resultados finales:
2026-04-30 17:01:39,503 - AstroRectify - INFO - --------------------------------
2026-04-30 17:01:39,503 - AstroRectify - INFO - MC radix ajustado: 115.96695262026645
2026-04-30 17:01:39,504 - AstroRectify - INFO - MC radix ajustado: 114.56346993727777
2026-04-30 17:01:39,504 - AstroRectify - INFO - MC radix ajustado: 115.44686370798868
2026-04-30 17:01:39,504 - AstroRectify - INFO - MC radix ajustado: 114.34780664657112
2026-04-30 17:01:39,504 - AstroRectify - INFO - MC radix ajustado: 114.67333828651076
2026-04-30 17:01:39,504 - AstroRectify - INFO - MC radix ajustado: 115.00056032691104
2026-04-30 17:01:39,504 - AstroRectify - INFO - MC radix ajustado: 115.77230852968283
2026-04-30 17:01:39,504 - AstroRectify - INFO - --------------------------
2026-04-30 17:01:39,504 - AstroRectify - INFO - nueva ARMC 115.11018572217267
2026-04-30 17:01:39,504 - AstroRectify - INFO - ARMC radical original 115.28967144471254
2026-04-30 17:01:39,504 - AstroRectify - INFO - nueva longitud ecliptica 113.26657368299205
2026-04-30 17:01:39,504 - AstroRectify - INFO - nueva hora local -11 23 6
2026-04-30 19:24:22,985 - AstroRectify - INFO - RAMC del radix 115.28967144471254
2026-04-30 19:24:23,021 - AstroRectify - INFO - 

--- rectificando para arco 12.93713634 Fallecimiento de hermano ----
2026-04-30 19:24:23,021 - AstroRectify - INFO - direct RA: 128.22680778471255
2026-04-30 19:24:23,021 - AstroRectify - INFO - converse RA: 102.35253510471254
2026-04-30 19:24:23,021 - AstroRectify - INFO - direct Ecliptic longitude: 125.85483676226156
2026-04-30 19:24:23,022 - AstroRectify - INFO - converse Ecliptic longitude: 101.36081642134673
2026-04-30 19:24:23,022 - AstroRectify - INFO - MC ecliptica 125.85483676226156
2026-04-30 19:24:23,022 - AstroRectify - INFO - sun 125.19277777777778 🎯 aspect 0 conjucion orbe 0.6620589844837781
2026-04-30 19:24:23,022 - AstroRectify - INFO - MC RA directo ajustada 128.90408896026645
2026-04-30 19:24:23,022 - AstroRectify - INFO - --> RA directa ajustada: 115.96695262026645 🆗
2026-04-30 19:24:23,023 - AstroRectify - INFO - 

--- rectificando para arco 22.066533970000002 Graduacion ----
2026-04-30 19:24:23,023 - AstroRectify - INFO - direct RA: 137.35620541471255
2026-04-30 19:24:23,023 - AstroRectify - INFO - converse RA: 93.22313747471253
2026-04-30 19:24:23,023 - AstroRectify - INFO - direct Ecliptic longitude: 134.89149223310517
2026-04-30 19:24:23,023 - AstroRectify - INFO - converse Ecliptic longitude: 92.95764838342102
2026-04-30 19:24:23,023 - AstroRectify - INFO - MC ecliptica 92.95764838342102
2026-04-30 19:24:23,024 - AstroRectify - INFO - mars 93.62416666666665 🎯 aspect 0 conjucion orbe -0.6665182832456367
2026-04-30 19:24:23,024 - AstroRectify - INFO - --> RA conversa ajustada: 92.49693596727778
2026-04-30 19:24:23,024 - AstroRectify - INFO - --> MC radix ajustado: 114.56346993727777 🆗
2026-04-30 19:24:23,024 - AstroRectify - INFO - MC ecliptica 92.95764838342102
2026-04-30 19:24:23,024 - AstroRectify - INFO - uranus 92.81333333333333 🎯 aspect 0 conjucion orbe 0.14431505008768397
2026-04-30 19:24:23,025 - AstroRectify - INFO - --> RA conversa ajustada: 93.38032973798869
2026-04-30 19:24:23,025 - AstroRectify - INFO - --> MC radix ajustado: 115.44686370798868 🆗
2026-04-30 19:24:23,025 - AstroRectify - INFO - MC ecliptica 134.89149223310517
2026-04-30 19:24:23,025 - AstroRectify - INFO - pluto 135.83527777777778 🎯 aspect 0 conjucion orbe -0.9437855446726076
2026-04-30 19:24:23,025 - AstroRectify - INFO - MC RA directo ajustada 136.4143406165711
2026-04-30 19:24:23,026 - AstroRectify - INFO - --> RA directa ajustada: 114.34780664657112 🆗
2026-04-30 19:24:23,026 - AstroRectify - INFO - MC ecliptica 92.95764838342102
2026-04-30 19:24:23,026 - AstroRectify - INFO - mean_node 20.391944444444444 🎯 aspect 72 quintil orbe -0.5657039389765686
2026-04-30 19:24:23,026 - AstroRectify - INFO - --> RA conversa ajustada: 92.60680431651076
2026-04-30 19:24:23,026 - AstroRectify - INFO - --> MC radix ajustado: 114.67333828651076 🆗
2026-04-30 19:24:23,026 - AstroRectify - INFO - 

--- rectificando para arco 26.055079550000002 Casamiento ----
2026-04-30 19:24:23,026 - AstroRectify - INFO - direct RA: 141.34475099471254
2026-04-30 19:24:23,027 - AstroRectify - INFO - converse RA: 89.23459189471254
2026-04-30 19:24:23,027 - AstroRectify - INFO - direct Ecliptic longitude: 138.9176229315608
2026-04-30 19:24:23,027 - AstroRectify - INFO - converse Ecliptic longitude: 89.29774895018572
2026-04-30 19:24:23,027 - AstroRectify - INFO - MC ecliptica 138.9176229315608
2026-04-30 19:24:23,027 - AstroRectify - INFO - mars 93.62416666666665 🎯 aspect 45 semicuadratural orbe -0.29345626489414656
2026-04-30 19:24:23,027 - AstroRectify - INFO - MC RA directo ajustada 141.05563987691104
2026-04-30 19:24:23,028 - AstroRectify - INFO - --> RA directa ajustada: 115.00056032691104 🆗
2026-04-30 19:24:23,028 - AstroRectify - INFO - 

--- rectificando para arco 27.02118193 Nacimiento de hijo ----
2026-04-30 19:24:23,028 - AstroRectify - INFO - direct RA: 142.31085337471254
2026-04-30 19:24:23,028 - AstroRectify - INFO - converse RA: 88.26848951471254
2026-04-30 19:24:23,028 - AstroRectify - INFO - direct Ecliptic longitude: 139.90008032393683
2026-04-30 19:24:23,028 - AstroRectify - INFO - converse Ecliptic longitude: 88.41130219259402
2026-04-30 19:24:23,029 - AstroRectify - INFO - MC ecliptica 139.90008032393683
2026-04-30 19:24:23,029 - AstroRectify - INFO - mean_node 20.391944444444444 🎯 aspect 120 trigono orbe 0.4918641205076142
2026-04-30 19:24:23,029 - AstroRectify - INFO - MC RA directo ajustada 142.79349045968283
2026-04-30 19:24:23,029 - AstroRectify - INFO - --> RA directa ajustada: 115.77230852968283 🆗
2026-04-30 19:24:23,029 - AstroRectify - INFO - 

--- rectificando para arco 30.29459586 Nacimiento de hija ----
2026-04-30 19:24:23,029 - AstroRectify - INFO - direct RA: 145.58426730471254
2026-04-30 19:24:23,029 - AstroRectify - INFO - converse RA: 84.99507558471254
2026-04-30 19:24:23,030 - AstroRectify - INFO - direct Ecliptic longitude: 143.24979899559077
2026-04-30 19:24:23,030 - AstroRectify - INFO - converse Ecliptic longitude: 85.40624964083555
2026-04-30 19:24:23,030 - AstroRectify - INFO - 


resultados finales:
2026-04-30 19:24:23,030 - AstroRectify - INFO - --------------------------------
2026-04-30 19:24:23,030 - AstroRectify - INFO - MC radix ajustado: 115.96695262026645
2026-04-30 19:24:23,030 - AstroRectify - INFO - MC radix ajustado: 114.56346993727777
2026-04-30 19:24:23,030 - AstroRectify - INFO - MC radix ajustado: 115.44686370798868
2026-04-30 19:24:23,031 - AstroRectify - INFO - MC radix ajustado: 114.34780664657112
2026-04-30 19:24:23,031 - AstroRectify - INFO - MC radix ajustado: 114.67333828651076
2026-04-30 19:24:23,031 - AstroRectify - INFO - MC radix ajustado: 115.00056032691104
2026-04-30 19:24:23,031 - AstroRectify - INFO - MC radix ajustado: 115.77230852968283
2026-04-30 19:24:23,031 - AstroRectify - INFO - --------------------------
2026-04-30 19:24:23,031 - AstroRectify - INFO - nueva ARMC 115.11018572217267
2026-04-30 19:24:23,031 - AstroRectify - INFO - ARMC radical original 115.28967144471254
2026-04-30 19:24:23,031 - AstroRectify - INFO - nueva longitud ecliptica 113.26657368299205
2026-04-30 19:24:23,031 - AstroRectify - INFO - nueva hora local -11 23 6
